Loading cuda/12.5.1/6wffrw2
  Loading requirement: gcc-runtime/13.2.0/yimvxxm libiconv/1.17/pmxhi4x
    xz/5.4.6/uxouxrg zlib-ng/2.1.5/uctcqfl libxml2/2.10.3/vdqe2g3
Loading python/3.10.13/tkc7o4o
  Loading requirement: bzip2/1.0.8/itttwfv libmd/1.0.4/yaohqo4
    libbsd/0.11.7/7647dt7 expat/2.6.0/f7jp3b5 ncurses/6.4/zqsx2w2
    readline/8.2/hmsgdsx gdbm/1.23/gtrssid pigz/2.8/pmmdaqf zstd/1.5.5/juuobg2
    tar/1.34/5prin2y gettext/0.22.4/iy5z4el libffi/3.4.4/vqf2avv
    libxcrypt/4.4.35/zvatbxx openssl/3.2.1/zbl47cr sqlite/3.43.2/o22u32h
    util-linux-uuid/2.38.1/mse45hb
Traceback (most recent call last):
  File "/home/afrenk/KDDProject3/kdd/lib/python3.13/site-packages/fsspec/registry.py", line 242, in get_filesystem_class
    register_implementation(protocol, _import_class(bit["class"]))
                                      ~~~~~~~~~~~~~^^^^^^^^^^^^^^
  File "/home/afrenk/KDDProject3/kdd/lib/python3.13/site-packages/fsspec/registry.py", line 277, in _import_class
    mod = importlib.import_module(mod)
  File "/cm/shared/spack/opt/spack/linux-ubuntu20.04-x86_64/gcc-13.2.0/python-3.13.0-4lxunul4qza6da4jhr6uznfyzsoppibz/lib/python3.13/importlib/__init__.py", line 88, in import_module
    return _bootstrap._gcd_import(name[level:], package, level)
           ~~~~~~~~~~~~~~~~~~~~~~^^^^^^^^^^^^^^^^^^^^^^^^^^^^^^
  File "<frozen importlib._bootstrap>", line 1387, in _gcd_import
  File "<frozen importlib._bootstrap>", line 1360, in _find_and_load
  File "<frozen importlib._bootstrap>", line 1324, in _find_and_load_unlocked
ModuleNotFoundError: No module named 'huggingface_hub'

The above exception was the direct cause of the following exception:

Traceback (most recent call last):
  File "/home/afrenk/KDDProject3/get_data.py", line 2, in <module>
    df = pd.read_csv("hf://datasets/gauss314/options-IV-SP500/data_IV_USA.csv")
  File "/home/afrenk/KDDProject3/kdd/lib/python3.13/site-packages/pandas/io/parsers/readers.py", line 1026, in read_csv
    return _read(filepath_or_buffer, kwds)
  File "/home/afrenk/KDDProject3/kdd/lib/python3.13/site-packages/pandas/io/parsers/readers.py", line 620, in _read
    parser = TextFileReader(filepath_or_buffer, **kwds)
  File "/home/afrenk/KDDProject3/kdd/lib/python3.13/site-packages/pandas/io/parsers/readers.py", line 1620, in __init__
    self._engine = self._make_engine(f, self.engine)
                   ~~~~~~~~~~~~~~~~~^^^^^^^^^^^^^^^^
  File "/home/afrenk/KDDProject3/kdd/lib/python3.13/site-packages/pandas/io/parsers/readers.py", line 1880, in _make_engine
    self.handles = get_handle(
                   ~~~~~~~~~~^
        f,
        ^^
    ...<6 lines>...
        storage_options=self.options.get("storage_options", None),
        ^^^^^^^^^^^^^^^^^^^^^^^^^^^^^^^^^^^^^^^^^^^^^^^^^^^^^^^^^^
    )
    ^
  File "/home/afrenk/KDDProject3/kdd/lib/python3.13/site-packages/pandas/io/common.py", line 728, in get_handle
    ioargs = _get_filepath_or_buffer(
        path_or_buf,
    ...<3 lines>...
        storage_options=storage_options,
    )
  File "/home/afrenk/KDDProject3/kdd/lib/python3.13/site-packages/pandas/io/common.py", line 430, in _get_filepath_or_buffer
    file_obj = fsspec.open(
               ~~~~~~~~~~~^
        filepath_or_buffer, mode=fsspec_mode, **(storage_options or {})
        ^^^^^^^^^^^^^^^^^^^^^^^^^^^^^^^^^^^^^^^^^^^^^^^^^^^^^^^^^^^^^^^
    ).open()
    ^
  File "/home/afrenk/KDDProject3/kdd/lib/python3.13/site-packages/fsspec/core.py", line 484, in open
    out = open_files(
        urlpath=[urlpath],
    ...<7 lines>...
        **kwargs,
    )
  File "/home/afrenk/KDDProject3/kdd/lib/python3.13/site-packages/fsspec/core.py", line 295, in open_files
    fs, fs_token, paths = get_fs_token_paths(
                          ~~~~~~~~~~~~~~~~~~^
        urlpath,
        ^^^^^^^^
    ...<5 lines>...
        expand=expand,
        ^^^^^^^^^^^^^^
    )
    ^
  File "/home/afrenk/KDDProject3/kdd/lib/python3.13/site-packages/fsspec/core.py", line 648, in get_fs_token_paths
    chain = _un_chain(urlpath0, storage_options or {})
  File "/home/afrenk/KDDProject3/kdd/lib/python3.13/site-packages/fsspec/core.py", line 344, in _un_chain
    cls = get_filesystem_class(protocol)
  File "/home/afrenk/KDDProject3/kdd/lib/python3.13/site-packages/fsspec/registry.py", line 244, in get_filesystem_class
    raise ImportError(bit["err"]) from e
ImportError: Install huggingface_hub to access HfFileSystem
Traceback (most recent call last):
  File "/home/afrenk/KDDProject3/preprocess.py", line 3, in <module>
    df = pd.read_csv("data/options.csv")
  File "/home/afrenk/KDDProject3/kdd/lib/python3.13/site-packages/pandas/io/parsers/readers.py", line 1026, in read_csv
    return _read(filepath_or_buffer, kwds)
  File "/home/afrenk/KDDProject3/kdd/lib/python3.13/site-packages/pandas/io/parsers/readers.py", line 620, in _read
    parser = TextFileReader(filepath_or_buffer, **kwds)
  File "/home/afrenk/KDDProject3/kdd/lib/python3.13/site-packages/pandas/io/parsers/readers.py", line 1620, in __init__
    self._engine = self._make_engine(f, self.engine)
                   ~~~~~~~~~~~~~~~~~^^^^^^^^^^^^^^^^
  File "/home/afrenk/KDDProject3/kdd/lib/python3.13/site-packages/pandas/io/parsers/readers.py", line 1880, in _make_engine
    self.handles = get_handle(
                   ~~~~~~~~~~^
        f,
        ^^
    ...<6 lines>...
        storage_options=self.options.get("storage_options", None),
        ^^^^^^^^^^^^^^^^^^^^^^^^^^^^^^^^^^^^^^^^^^^^^^^^^^^^^^^^^^
    )
    ^
  File "/home/afrenk/KDDProject3/kdd/lib/python3.13/site-packages/pandas/io/common.py", line 873, in get_handle
    handle = open(
        handle,
    ...<3 lines>...
        newline="",
    )
FileNotFoundError: [Errno 2] No such file or directory: 'data/options.csv'
imports done
Traceback (most recent call last):
  File "/home/afrenk/KDDProject3/model_run.py", line 14, in <module>
    df = pd.read_csv("data/options.csv")
  File "/home/afrenk/KDDProject3/kdd/lib/python3.13/site-packages/pandas/io/parsers/readers.py", line 1026, in read_csv
    return _read(filepath_or_buffer, kwds)
  File "/home/afrenk/KDDProject3/kdd/lib/python3.13/site-packages/pandas/io/parsers/readers.py", line 620, in _read
    parser = TextFileReader(filepath_or_buffer, **kwds)
  File "/home/afrenk/KDDProject3/kdd/lib/python3.13/site-packages/pandas/io/parsers/readers.py", line 1620, in __init__
    self._engine = self._make_engine(f, self.engine)
                   ~~~~~~~~~~~~~~~~~^^^^^^^^^^^^^^^^
  File "/home/afrenk/KDDProject3/kdd/lib/python3.13/site-packages/pandas/io/parsers/readers.py", line 1880, in _make_engine
    self.handles = get_handle(
                   ~~~~~~~~~~^
        f,
        ^^
    ...<6 lines>...
        storage_options=self.options.get("storage_options", None),
        ^^^^^^^^^^^^^^^^^^^^^^^^^^^^^^^^^^^^^^^^^^^^^^^^^^^^^^^^^^
    )
    ^
  File "/home/afrenk/KDDProject3/kdd/lib/python3.13/site-packages/pandas/io/common.py", line 873, in get_handle
    handle = open(
        handle,
    ...<3 lines>...
        newline="",
    )
FileNotFoundError: [Errno 2] No such file or directory: 'data/options.csv'
